INFO 27/04/2019, 14:24:28  cannot parse user config, use the default one
(electron) The 'lstatSyncNoException' function has been deprecated and marked for removal.
(electron) The 'lstatSyncNoException' function has been deprecated and marked for removal.
DEBUG 27/04/2019, 14:24:28  initSentry
INFO 27/04/2019, 14:24:28  luanchFromDiffVersion, pre version is undefined
INFO 27/04/2019, 14:24:28  overwriteThemeFolder
(electron) The 'lstatSyncNoException' function has been deprecated and marked for removal.
DEBUG 27/04/2019, 14:24:28  initCountly
INFO 27/04/2019, 14:24:28  ------------------start------------------
INFO 27/04/2019, 14:24:28  typora version: 0.9.70
DEBUG 27/04/2019, 14:24:28  [ '/opt/typora/Typora' ]
DEBUG 27/04/2019, 14:24:28  /opt/typora/resources/app/locales/Base.lproj/Menu.json
ERROR 27/04/2019, 14:24:28  (node:15540) [DEP0005] DeprecationWarning: Buffer() is deprecated due to security and usability issues. Please use the Buffer.alloc(), Buffer.allocUnsafe(), or Buffer.from() methods instead.
DEBUG 27/04/2019, 14:24:28  app.openFile
DEBUG 27/04/2019, 14:24:28  [ 'github.css',
  'newsprint.css',
  'night.css',
  'pixyll.css',
  'whitey.css' ]
INFO 27/04/2019, 14:24:29  ------------------quit------------------
(electron) The 'lstatSyncNoException' function has been deprecated and marked for removal.
(electron) The 'lstatSyncNoException' function has been deprecated and marked for removal.
DEBUG 27/04/2019, 14:24:47  initSentry
(electron) The 'lstatSyncNoException' function has been deprecated and marked for removal.
DEBUG 27/04/2019, 14:24:47  initCountly
INFO 27/04/2019, 14:24:47  ------------------start------------------
INFO 27/04/2019, 14:24:47  typora version: 0.9.70
DEBUG 27/04/2019, 14:24:47  [ '/opt/typora/Typora' ]
DEBUG 27/04/2019, 14:24:47  /opt/typora/resources/app/locales/Base.lproj/Menu.json
ERROR 27/04/2019, 14:24:47  (node:15858) [DEP0005] DeprecationWarning: Buffer() is deprecated due to security and usability issues. Please use the Buffer.alloc(), Buffer.allocUnsafe(), or Buffer.from() methods instead.
DEBUG 27/04/2019, 14:24:47  [ 'github.css',
  'newsprint.css',
  'night.css',
  'pixyll.css',
  'whitey.css' ]
DEBUG 27/04/2019, 14:24:47  app.openFile
INFO 27/04/2019, 14:24:49  ------------------quit------------------
(electron) The 'lstatSyncNoException' function has been deprecated and marked for removal.
(electron) The 'lstatSyncNoException' function has been deprecated and marked for removal.
DEBUG 27/04/2019, 14:25:06  initSentry
(electron) The 'lstatSyncNoException' function has been deprecated and marked for removal.
DEBUG 27/04/2019, 14:25:06  initCountly
INFO 27/04/2019, 14:25:06  ------------------start------------------
INFO 27/04/2019, 14:25:06  typora version: 0.9.70
DEBUG 27/04/2019, 14:25:06  [ '/opt/typora/Typora', '.' ]
(electron) The 'lstatSyncNoException' function has been deprecated and marked for removal.
DEBUG 27/04/2019, 14:25:06  app.openFile
DEBUG 27/04/2019, 14:25:06  /opt/typora/resources/app/locales/Base.lproj/Menu.json
ERROR 27/04/2019, 14:25:06  (node:16248) [DEP0005] DeprecationWarning: Buffer() is deprecated due to security and usability issues. Please use the Buffer.alloc(), Buffer.allocUnsafe(), or Buffer.from() methods instead.
DEBUG 27/04/2019, 14:25:06  [ 'github.css',
  'newsprint.css',
  'night.css',
  'pixyll.css',
  'whitey.css' ]
INFO 27/04/2019, 14:25:07  addRecentFolder
INFO 27/04/2019, 14:25:10  ------------------quit------------------
(electron) The 'lstatSyncNoException' function has been deprecated and marked for removal.
(electron) The 'lstatSyncNoException' function has been deprecated and marked for removal.
DEBUG 27/04/2019, 14:25:15  initSentry
(electron) The 'lstatSyncNoException' function has been deprecated and marked for removal.
DEBUG 27/04/2019, 14:25:15  initCountly
INFO 27/04/2019, 14:25:15  ------------------start------------------
INFO 27/04/2019, 14:25:15  typora version: 0.9.70
DEBUG 27/04/2019, 14:25:15  [ '/opt/typora/Typora', '.' ]
(electron) The 'lstatSyncNoException' function has been deprecated and marked for removal.
DEBUG 27/04/2019, 14:25:15  app.openFile
DEBUG 27/04/2019, 14:25:15  /opt/typora/resources/app/locales/Base.lproj/Menu.json
ERROR 27/04/2019, 14:25:15  (node:16440) [DEP0005] DeprecationWarning: Buffer() is deprecated due to security and usability issues. Please use the Buffer.alloc(), Buffer.allocUnsafe(), or Buffer.from() methods instead.
DEBUG 27/04/2019, 14:25:15  [ 'github.css',
  'newsprint.css',
  'night.css',
  'pixyll.css',
  'whitey.css' ]
INFO 27/04/2019, 14:25:16  addRecentFolder
INFO 27/04/2019, 14:25:18  addRecentDocument
INFO 27/04/2019, 14:25:24  addRecentDocument
INFO 27/04/2019, 14:25:25  addRecentDocument
DEBUG 27/04/2019, 14:25:25  lastSync 1556371518871, timestamp 1556371524015, mtime 1556370699487
DEBUG 27/04/2019, 14:25:25  lastSync 1556371518871, timestamp 1556371524015, mtime 1556370699487
INFO 27/04/2019, 14:33:15  addRecentDocument
DEBUG 27/04/2019, 14:33:15  lastSync 1556371524016, timestamp 1556371525006, mtime 1556370699487
DEBUG 27/04/2019, 14:33:15  lastSync 1556371524016, timestamp 1556371525006, mtime 1556370699487
INFO 28/04/2019, 14:57:13  ------------------quit------------------
(electron) The 'lstatSyncNoException' function has been deprecated and marked for removal.
(electron) The 'lstatSyncNoException' function has been deprecated and marked for removal.
DEBUG 29/04/2019, 10:35:12  initSentry
(electron) The 'lstatSyncNoException' function has been deprecated and marked for removal.
DEBUG 29/04/2019, 10:35:12  initCountly
INFO 29/04/2019, 10:35:12  ------------------start------------------
INFO 29/04/2019, 10:35:12  typora version: 0.9.70
DEBUG 29/04/2019, 10:35:12  [ '/opt/typora/Typora', '.' ]
(electron) The 'lstatSyncNoException' function has been deprecated and marked for removal.
DEBUG 29/04/2019, 10:35:12  app.openFile
DEBUG 29/04/2019, 10:35:12  /opt/typora/resources/app/locales/Base.lproj/Menu.json
ERROR 29/04/2019, 10:35:13  (node:13218) [DEP0005] DeprecationWarning: Buffer() is deprecated due to security and usability issues. Please use the Buffer.alloc(), Buffer.allocUnsafe(), or Buffer.from() methods instead.
DEBUG 29/04/2019, 10:35:13  [ 'github.css',
  'newsprint.css',
  'night.css',
  'pixyll.css',
  'whitey.css' ]
INFO 29/04/2019, 10:35:13  addRecentFolder
INFO 29/04/2019, 10:35:16  addRecentDocument
INFO 29/04/2019, 10:35:18  addRecentDocument
INFO 29/04/2019, 10:35:18  addRecentDocument
DEBUG 29/04/2019, 10:35:18  lastSync 1556530516036, timestamp 1556530518193, mtime 1556370699487
DEBUG 29/04/2019, 10:35:18  lastSync 1556530516036, timestamp 1556530518193, mtime 1556370699487
INFO 29/04/2019, 10:35:21  addRecentDocument
DEBUG 29/04/2019, 10:35:21  lastSync 1556530518194, timestamp 1556530518923, mtime 1556370699487
DEBUG 29/04/2019, 10:35:21  lastSync 1556530518194, timestamp 1556530518923, mtime 1556370699487
INFO 29/04/2019, 10:35:29  addRecentDocument
INFO 29/04/2019, 10:39:44  addRecentDocument
DEBUG 29/04/2019, 10:39:44  lastSync 1556530518194, timestamp 1556530518923, mtime 1556370699487
DEBUG 29/04/2019, 10:39:44  lastSync 1556530518194, timestamp 1556530518923, mtime 1556370699487
INFO 29/04/2019, 10:39:54  addRecentDocument
INFO 29/04/2019, 10:40:01  addRecentDocument
INFO 29/04/2019, 10:40:03  addRecentDocument
DEBUG 29/04/2019, 10:40:03  lastSync 1556530794977, timestamp 1556530801585, mtime 1556370699487
DEBUG 29/04/2019, 10:40:03  lastSync 1556530794977, timestamp 1556530801585, mtime 1556370699487
INFO 29/04/2019, 10:40:10  ------------------quit------------------
(electron) The 'lstatSyncNoException' function has been deprecated and marked for removal.
(electron) The 'lstatSyncNoException' function has been deprecated and marked for removal.
DEBUG 29/04/2019, 10:41:29  initSentry
(electron) The 'lstatSyncNoException' function has been deprecated and marked for removal.
DEBUG 29/04/2019, 10:41:29  initCountly
INFO 29/04/2019, 10:41:29  ------------------start------------------
INFO 29/04/2019, 10:41:29  typora version: 0.9.70
DEBUG 29/04/2019, 10:41:29  [ '/opt/typora/Typora', 'Textbook Ch1.md' ]
(electron) The 'lstatSyncNoException' function has been deprecated and marked for removal.
DEBUG 29/04/2019, 10:41:29  app.openFile
INFO 29/04/2019, 10:41:29  addRecentDocument
DEBUG 29/04/2019, 10:41:29  /opt/typora/resources/app/locales/Base.lproj/Menu.json
ERROR 29/04/2019, 10:41:29  (node:18221) [DEP0005] DeprecationWarning: Buffer() is deprecated due to security and usability issues. Please use the Buffer.alloc(), Buffer.allocUnsafe(), or Buffer.from() methods instead.
DEBUG 29/04/2019, 10:41:29  [ 'github.css',
  'newsprint.css',
  'night.css',
  'pixyll.css',
  'whitey.css' ]
INFO 29/04/2019, 10:41:30  ------------------quit------------------
(electron) The 'lstatSyncNoException' function has been deprecated and marked for removal.
(electron) The 'lstatSyncNoException' function has been deprecated and marked for removal.
DEBUG 29/04/2019, 10:41:32  initSentry
(electron) The 'lstatSyncNoException' function has been deprecated and marked for removal.
DEBUG 29/04/2019, 10:41:32  initCountly
INFO 29/04/2019, 10:41:32  ------------------start------------------
INFO 29/04/2019, 10:41:32  typora version: 0.9.70
DEBUG 29/04/2019, 10:41:32  [ '/opt/typora/Typora', 'Textbook Ch1.md' ]
(electron) The 'lstatSyncNoException' function has been deprecated and marked for removal.
DEBUG 29/04/2019, 10:41:32  app.openFile
INFO 29/04/2019, 10:41:32  addRecentDocument
DEBUG 29/04/2019, 10:41:32  /opt/typora/resources/app/locales/Base.lproj/Menu.json
ERROR 29/04/2019, 10:41:33  (node:18345) [DEP0005] DeprecationWarning: Buffer() is deprecated due to security and usability issues. Please use the Buffer.alloc(), Buffer.allocUnsafe(), or Buffer.from() methods instead.
DEBUG 29/04/2019, 10:41:33  [ 'github.css',
  'newsprint.css',
  'night.css',
  'pixyll.css',
  'whitey.css' ]
INFO 29/04/2019, 11:01:44  ------------------quit------------------
(electron) The 'lstatSyncNoException' function has been deprecated and marked for removal.
(electron) The 'lstatSyncNoException' function has been deprecated and marked for removal.
DEBUG 29/04/2019, 11:02:19  initSentry
(electron) The 'lstatSyncNoException' function has been deprecated and marked for removal.
DEBUG 29/04/2019, 11:02:19  initCountly
INFO 29/04/2019, 11:02:19  ------------------start------------------
INFO 29/04/2019, 11:02:19  typora version: 0.9.70
DEBUG 29/04/2019, 11:02:19  [ '/opt/typora/Typora', '3 - Data and Image.md' ]
(electron) The 'lstatSyncNoException' function has been deprecated and marked for removal.
DEBUG 29/04/2019, 11:02:19  app.openFile
INFO 29/04/2019, 11:02:19  addRecentDocument
DEBUG 29/04/2019, 11:02:20  /opt/typora/resources/app/locales/Base.lproj/Menu.json
ERROR 29/04/2019, 11:02:20  (node:5122) [DEP0005] DeprecationWarning: Buffer() is deprecated due to security and usability issues. Please use the Buffer.alloc(), Buffer.allocUnsafe(), or Buffer.from() methods instead.
DEBUG 29/04/2019, 11:02:20  [ 'github.css',
  'newsprint.css',
  'night.css',
  'pixyll.css',
  'whitey.css' ]
INFO 29/04/2019, 11:43:08  window.File && (function(){File.option.enableInlineMath = true;})();
INFO 29/04/2019, 11:43:09  window.File && (function(){File.option.enableSubscript = true;})();
INFO 29/04/2019, 11:43:09  window.File && (function(){File.option.enableSuperscript = true;})();
INFO 29/04/2019, 11:43:10  window.File && (function(){File.option.enableHighlight = true;})();
INFO 29/04/2019, 11:43:25  window.File && (function(){File.option.autoPairExtendSymbol = true;})();
INFO 29/04/2019, 11:43:28  ------------------quit------------------
(electron) The 'lstatSyncNoException' function has been deprecated and marked for removal.
(electron) The 'lstatSyncNoException' function has been deprecated and marked for removal.
DEBUG 29/04/2019, 11:43:43  initSentry
(electron) The 'lstatSyncNoException' function has been deprecated and marked for removal.
DEBUG 29/04/2019, 11:43:43  initCountly
INFO 29/04/2019, 11:43:43  ------------------start------------------
INFO 29/04/2019, 11:43:43  typora version: 0.9.70
DEBUG 29/04/2019, 11:43:43  [ '/opt/typora/Typora', '3 - Data and Image.md' ]
(electron) The 'lstatSyncNoException' function has been deprecated and marked for removal.
DEBUG 29/04/2019, 11:43:43  app.openFile
INFO 29/04/2019, 11:43:43  addRecentDocument
DEBUG 29/04/2019, 11:43:43  /opt/typora/resources/app/locales/Base.lproj/Menu.json
ERROR 29/04/2019, 11:43:43  (node:6039) [DEP0005] DeprecationWarning: Buffer() is deprecated due to security and usability issues. Please use the Buffer.alloc(), Buffer.allocUnsafe(), or Buffer.from() methods instead.
DEBUG 29/04/2019, 11:43:43  [ 'github.css',
  'newsprint.css',
  'night.css',
  'pixyll.css',
  'whitey.css' ]
INFO 29/04/2019, 17:46:27  ------------------quit------------------
(electron) The 'lstatSyncNoException' function has been deprecated and marked for removal.
(electron) The 'lstatSyncNoException' function has been deprecated and marked for removal.
DEBUG 29/04/2019, 17:47:51  initSentry
(electron) The 'lstatSyncNoException' function has been deprecated and marked for removal.
DEBUG 29/04/2019, 17:47:51  initCountly
INFO 29/04/2019, 17:47:51  ------------------start------------------
INFO 29/04/2019, 17:47:51  typora version: 0.9.70
DEBUG 29/04/2019, 17:47:51  [ '/opt/typora/Typora', '4 - Design and Graphs.md' ]
(electron) The 'lstatSyncNoException' function has been deprecated and marked for removal.
DEBUG 29/04/2019, 17:47:51  app.openFile
INFO 29/04/2019, 17:47:51  addRecentDocument
DEBUG 29/04/2019, 17:47:51  /opt/typora/resources/app/locales/Base.lproj/Menu.json
ERROR 29/04/2019, 17:47:51  (node:13588) [DEP0005] DeprecationWarning: Buffer() is deprecated due to security and usability issues. Please use the Buffer.alloc(), Buffer.allocUnsafe(), or Buffer.from() methods instead.
DEBUG 29/04/2019, 17:47:51  [ 'github.css',
  'newsprint.css',
  'night.css',
  'pixyll.css',
  'whitey.css' ]
INFO 29/04/2019, 17:47:54  ------------------quit------------------
(electron) The 'lstatSyncNoException' function has been deprecated and marked for removal.
(electron) The 'lstatSyncNoException' function has been deprecated and marked for removal.
DEBUG 29/04/2019, 17:48:51  initSentry
(electron) The 'lstatSyncNoException' function has been deprecated and marked for removal.
DEBUG 29/04/2019, 17:48:51  initCountly
INFO 29/04/2019, 17:48:51  ------------------start------------------
INFO 29/04/2019, 17:48:51  typora version: 0.9.70
DEBUG 29/04/2019, 17:48:51  [ '/opt/typora/Typora', '4 - Design and Graphs.md' ]
(electron) The 'lstatSyncNoException' function has been deprecated and marked for removal.
DEBUG 29/04/2019, 17:48:51  app.openFile
INFO 29/04/2019, 17:48:51  addRecentDocument
DEBUG 29/04/2019, 17:48:51  /opt/typora/resources/app/locales/Base.lproj/Menu.json
ERROR 29/04/2019, 17:48:52  (node:14750) [DEP0005] DeprecationWarning: Buffer() is deprecated due to security and usability issues. Please use the Buffer.alloc(), Buffer.allocUnsafe(), or Buffer.from() methods instead.
DEBUG 29/04/2019, 17:48:52  [ 'github.css',
  'newsprint.css',
  'night.css',
  'pixyll.css',
  'whitey.css' ]
INFO 29/04/2019, 17:59:20  ------------------quit------------------
(electron) The 'lstatSyncNoException' function has been deprecated and marked for removal.
(electron) The 'lstatSyncNoException' function has been deprecated and marked for removal.
DEBUG 30/04/2019, 15:27:11  initSentry
(electron) The 'lstatSyncNoException' function has been deprecated and marked for removal.
DEBUG 30/04/2019, 15:27:11  initCountly
INFO 30/04/2019, 15:27:11  ------------------start------------------
INFO 30/04/2019, 15:27:11  typora version: 0.9.70
DEBUG 30/04/2019, 15:27:11  [ '/opt/typora/Typora', '4 - Design and Graphs.md' ]
(electron) The 'lstatSyncNoException' function has been deprecated and marked for removal.
DEBUG 30/04/2019, 15:27:11  app.openFile
INFO 30/04/2019, 15:27:11  addRecentDocument
DEBUG 30/04/2019, 15:27:11  /opt/typora/resources/app/locales/Base.lproj/Menu.json
ERROR 30/04/2019, 15:27:11  (node:28173) [DEP0005] DeprecationWarning: Buffer() is deprecated due to security and usability issues. Please use the Buffer.alloc(), Buffer.allocUnsafe(), or Buffer.from() methods instead.
DEBUG 30/04/2019, 15:27:11  [ 'github.css',
  'newsprint.css',
  'night.css',
  'pixyll.css',
  'whitey.css' ]
INFO 30/04/2019, 17:45:03  ------------------quit------------------
(electron) The 'lstatSyncNoException' function has been deprecated and marked for removal.
(electron) The 'lstatSyncNoException' function has been deprecated and marked for removal.
DEBUG 30/04/2019, 17:46:32  initSentry
(electron) The 'lstatSyncNoException' function has been deprecated and marked for removal.
DEBUG 30/04/2019, 17:46:32  initCountly
INFO 30/04/2019, 17:46:32  ------------------start------------------
INFO 30/04/2019, 17:46:32  typora version: 0.9.70
DEBUG 30/04/2019, 17:46:32  [ '/opt/typora/Typora', '.' ]
(electron) The 'lstatSyncNoException' function has been deprecated and marked for removal.
DEBUG 30/04/2019, 17:46:32  app.openFile
DEBUG 30/04/2019, 17:46:32  /opt/typora/resources/app/locales/Base.lproj/Menu.json
ERROR 30/04/2019, 17:46:32  (node:13796) [DEP0005] DeprecationWarning: Buffer() is deprecated due to security and usability issues. Please use the Buffer.alloc(), Buffer.allocUnsafe(), or Buffer.from() methods instead.
DEBUG 30/04/2019, 17:46:32  [ 'github.css',
  'newsprint.css',
  'night.css',
  'pixyll.css',
  'whitey.css' ]
INFO 30/04/2019, 17:46:33  addRecentFolder
INFO 30/04/2019, 17:47:38  addRecentDocument
INFO 30/04/2019, 17:50:01  ------------------quit------------------
(electron) The 'lstatSyncNoException' function has been deprecated and marked for removal.
(electron) The 'lstatSyncNoException' function has been deprecated and marked for removal.
DEBUG 30/04/2019, 17:50:31  initSentry
(electron) The 'lstatSyncNoException' function has been deprecated and marked for removal.
DEBUG 30/04/2019, 17:50:31  initCountly
INFO 30/04/2019, 17:50:31  ------------------start------------------
INFO 30/04/2019, 17:50:31  typora version: 0.9.70
DEBUG 30/04/2019, 17:50:31  [ '/opt/typora/Typora',
  '5 - Multivariate Data Visualisation.md' ]
(electron) The 'lstatSyncNoException' function has been deprecated and marked for removal.
DEBUG 30/04/2019, 17:50:31  app.openFile
INFO 30/04/2019, 17:50:31  addRecentDocument
DEBUG 30/04/2019, 17:50:31  /opt/typora/resources/app/locales/Base.lproj/Menu.json
ERROR 30/04/2019, 17:50:31  (node:16862) [DEP0005] DeprecationWarning: Buffer() is deprecated due to security and usability issues. Please use the Buffer.alloc(), Buffer.allocUnsafe(), or Buffer.from() methods instead.
DEBUG 30/04/2019, 17:50:31  [ 'github.css',
  'newsprint.css',
  'night.css',
  'pixyll.css',
  'whitey.css' ]
INFO 01/05/2019, 12:43:28  ------------------quit------------------
(electron) The 'lstatSyncNoException' function has been deprecated and marked for removal.
(electron) The 'lstatSyncNoException' function has been deprecated and marked for removal.
DEBUG 01/05/2019, 12:58:31  initSentry
(electron) The 'lstatSyncNoException' function has been deprecated and marked for removal.
DEBUG 01/05/2019, 12:58:31  initCountly
INFO 01/05/2019, 12:58:31  ------------------start------------------
INFO 01/05/2019, 12:58:31  typora version: 0.9.70
DEBUG 01/05/2019, 12:58:31  [ '/opt/typora/Typora', '6 - R Basics.md' ]
(electron) The 'lstatSyncNoException' function has been deprecated and marked for removal.
DEBUG 01/05/2019, 12:58:31  app.openFile
INFO 01/05/2019, 12:58:31  addRecentDocument
DEBUG 01/05/2019, 12:58:31  /opt/typora/resources/app/locales/Base.lproj/Menu.json
ERROR 01/05/2019, 12:58:31  (node:14217) [DEP0005] DeprecationWarning: Buffer() is deprecated due to security and usability issues. Please use the Buffer.alloc(), Buffer.allocUnsafe(), or Buffer.from() methods instead.
DEBUG 01/05/2019, 12:58:31  [ 'github.css',
  'newsprint.css',
  'night.css',
  'pixyll.css',
  'whitey.css' ]
INFO 01/05/2019, 12:58:55  ------------------quit------------------
(electron) The 'lstatSyncNoException' function has been deprecated and marked for removal.
(electron) The 'lstatSyncNoException' function has been deprecated and marked for removal.
DEBUG 01/05/2019, 15:47:57  initSentry
(electron) The 'lstatSyncNoException' function has been deprecated and marked for removal.
DEBUG 01/05/2019, 15:47:57  initCountly
INFO 01/05/2019, 15:47:57  ------------------start------------------
INFO 01/05/2019, 15:47:57  typora version: 0.9.70
DEBUG 01/05/2019, 15:47:57  [ '/opt/typora/Typora', '6 - R Basics.md' ]
(electron) The 'lstatSyncNoException' function has been deprecated and marked for removal.
DEBUG 01/05/2019, 15:47:57  app.openFile
INFO 01/05/2019, 15:47:57  addRecentDocument
DEBUG 01/05/2019, 15:47:57  /opt/typora/resources/app/locales/Base.lproj/Menu.json
ERROR 01/05/2019, 15:47:57  (node:11954) [DEP0005] DeprecationWarning: Buffer() is deprecated due to security and usability issues. Please use the Buffer.alloc(), Buffer.allocUnsafe(), or Buffer.from() methods instead.
DEBUG 01/05/2019, 15:47:57  [ 'github.css',
  'newsprint.css',
  'night.css',
  'pixyll.css',
  'whitey.css' ]
(electron) The 'lstatSyncNoException' function has been deprecated and marked for removal.
(electron) The 'lstatSyncNoException' function has been deprecated and marked for removal.
DEBUG 01/05/2019, 20:23:32  initSentry
(electron) The 'lstatSyncNoException' function has been deprecated and marked for removal.
DEBUG 01/05/2019, 20:23:32  initCountly
INFO 01/05/2019, 20:23:32  ------------------start------------------
INFO 01/05/2019, 20:23:32  typora version: 0.9.70
DEBUG 01/05/2019, 20:23:32  [ '/opt/typora/Typora', '6 - R Basics.md' ]
(electron) The 'lstatSyncNoException' function has been deprecated and marked for removal.
DEBUG 01/05/2019, 20:23:32  app.openFile
INFO 01/05/2019, 20:23:32  addRecentDocument
DEBUG 01/05/2019, 20:23:32  /opt/typora/resources/app/locales/Base.lproj/Menu.json
ERROR 01/05/2019, 20:23:32  (node:3013) [DEP0005] DeprecationWarning: Buffer() is deprecated due to security and usability issues. Please use the Buffer.alloc(), Buffer.allocUnsafe(), or Buffer.from() methods instead.
DEBUG 01/05/2019, 20:23:32  [ 'github.css',
  'newsprint.css',
  'night.css',
  'pixyll.css',
  'whitey.css' ]
INFO 01/05/2019, 20:23:46  got argv [typora 6 - R Basics.md] from secondary instance
(electron) The 'lstatSyncNoException' function has been deprecated and marked for removal.
DEBUG 01/05/2019, 20:23:46  app.openFile
INFO 01/05/2019, 20:23:46  addRecentDocument
(electron) The 'lstatSyncNoException' function has been deprecated and marked for removal.
(electron) The 'lstatSyncNoException' function has been deprecated and marked for removal.
INFO 01/05/2019, 20:23:46  secondary instance would exit
INFO 02/05/2019, 09:57:35  window.File && (function(){		File.setTheme();	})();
INFO 02/05/2019, 09:57:36  window.File && (function(){		File.setTheme();	})();
INFO 02/05/2019, 14:10:07  got argv [typora /home/ted/uni/SEC/15 - Internet Security.md] from secondary instance
(electron) The 'lstatSyncNoException' function has been deprecated and marked for removal.
DEBUG 02/05/2019, 14:10:07  app.openFile
INFO 02/05/2019, 14:10:07  addRecentDocument
(electron) The 'lstatSyncNoException' function has been deprecated and marked for removal.
(electron) The 'lstatSyncNoException' function has been deprecated and marked for removal.
INFO 02/05/2019, 14:10:07  secondary instance would exit
INFO 02/05/2019, 14:21:51  addRecentDocument
INFO 03/05/2019, 14:57:18  got argv [typora /home/ted/uni/.third_year/1st Term/SQA/2c - Quality Metrics.md] from secondary instance
(electron) The 'lstatSyncNoException' function has been deprecated and marked for removal.
DEBUG 03/05/2019, 14:57:18  app.openFile
INFO 03/05/2019, 14:57:18  addRecentDocument
(electron) The 'lstatSyncNoException' function has been deprecated and marked for removal.
(electron) The 'lstatSyncNoException' function has been deprecated and marked for removal.
INFO 03/05/2019, 14:57:18  secondary instance would exit
INFO 03/05/2019, 14:59:06  ------------------quit------------------
(electron) The 'lstatSyncNoException' function has been deprecated and marked for removal.
(electron) The 'lstatSyncNoException' function has been deprecated and marked for removal.
DEBUG 05/05/2019, 11:38:00  initSentry
(electron) The 'lstatSyncNoException' function has been deprecated and marked for removal.
DEBUG 05/05/2019, 11:38:00  initCountly
INFO 05/05/2019, 11:38:00  ------------------start------------------
INFO 05/05/2019, 11:38:00  typora version: 0.9.70
DEBUG 05/05/2019, 11:38:00  [ '/opt/typora/Typora', 'R notes.md' ]
(electron) The 'lstatSyncNoException' function has been deprecated and marked for removal.
DEBUG 05/05/2019, 11:38:00  app.openFile
INFO 05/05/2019, 11:38:00  addRecentDocument
DEBUG 05/05/2019, 11:38:00  /opt/typora/resources/app/locales/Base.lproj/Menu.json
ERROR 05/05/2019, 11:38:00  (node:15766) [DEP0005] DeprecationWarning: Buffer() is deprecated due to security and usability issues. Please use the Buffer.alloc(), Buffer.allocUnsafe(), or Buffer.from() methods instead.
DEBUG 05/05/2019, 11:38:00  [ 'github.css',
  'newsprint.css',
  'night.css',
  'pixyll.css',
  'whitey.css' ]
INFO 05/05/2019, 15:25:58  window.File && (function(){		File.setTheme();	})();
INFO 05/05/2019, 15:25:59  window.File && (function(){		File.setTheme();	})();
INFO 05/05/2019, 16:42:40  ------------------quit------------------
(electron) The 'lstatSyncNoException' function has been deprecated and marked for removal.
(electron) The 'lstatSyncNoException' function has been deprecated and marked for removal.
DEBUG 05/05/2019, 17:06:20  initSentry
(electron) The 'lstatSyncNoException' function has been deprecated and marked for removal.
DEBUG 05/05/2019, 17:06:20  initCountly
INFO 05/05/2019, 17:06:20  ------------------start------------------
INFO 05/05/2019, 17:06:20  typora version: 0.9.70
DEBUG 05/05/2019, 17:06:20  [ '/opt/typora/Typora', 'Stuff I done.md' ]
(electron) The 'lstatSyncNoException' function has been deprecated and marked for removal.
DEBUG 05/05/2019, 17:06:20  app.openFile
INFO 05/05/2019, 17:06:20  addRecentDocument
DEBUG 05/05/2019, 17:06:20  /opt/typora/resources/app/locales/Base.lproj/Menu.json
ERROR 05/05/2019, 17:06:20  (node:15233) [DEP0005] DeprecationWarning: Buffer() is deprecated due to security and usability issues. Please use the Buffer.alloc(), Buffer.allocUnsafe(), or Buffer.from() methods instead.
DEBUG 05/05/2019, 17:06:20  [ 'github.css',
  'newsprint.css',
  'night.css',
  'pixyll.css',
  'whitey.css' ]
INFO 05/05/2019, 17:22:47  addRecentDocument
INFO 05/05/2019, 17:24:48  addRecentDocument
DEBUG 05/05/2019, 17:24:48  lastSync 1557073365116, timestamp 1557073365670, mtime 1557073365110
DEBUG 05/05/2019, 17:24:48  lastSync 1557073365116, timestamp 1557073365670, mtime 1557073365110
(electron) The 'lstatSyncNoException' function has been deprecated and marked for removal.
(electron) The 'lstatSyncNoException' function has been deprecated and marked for removal.
DEBUG 06/05/2019, 15:42:22  initSentry
(electron) The 'lstatSyncNoException' function has been deprecated and marked for removal.
DEBUG 06/05/2019, 15:42:22  initCountly
INFO 06/05/2019, 15:42:22  ------------------start------------------
INFO 06/05/2019, 15:42:22  typora version: 0.9.70
DEBUG 06/05/2019, 15:42:22  [ '/opt/typora/Typora', '/home/ted/uni/FIV/' ]
(electron) The 'lstatSyncNoException' function has been deprecated and marked for removal.
DEBUG 06/05/2019, 15:42:22  app.openFile
DEBUG 06/05/2019, 15:42:23  /opt/typora/resources/app/locales/Base.lproj/Menu.json
ERROR 06/05/2019, 15:42:23  (node:8584) [DEP0005] DeprecationWarning: Buffer() is deprecated due to security and usability issues. Please use the Buffer.alloc(), Buffer.allocUnsafe(), or Buffer.from() methods instead.
DEBUG 06/05/2019, 15:42:23  [ 'github.css',
  'newsprint.css',
  'night.css',
  'pixyll.css',
  'whitey.css' ]
INFO 06/05/2019, 15:42:23  addRecentFolder
INFO 06/05/2019, 15:47:19  addRecentDocument
INFO 06/05/2019, 18:02:18  addRecentDocument
INFO 06/05/2019, 18:07:36  ------------------quit------------------
(electron) The 'lstatSyncNoException' function has been deprecated and marked for removal.
(electron) The 'lstatSyncNoException' function has been deprecated and marked for removal.
DEBUG 06/05/2019, 19:33:06  initSentry
(electron) The 'lstatSyncNoException' function has been deprecated and marked for removal.
DEBUG 06/05/2019, 19:33:06  initCountly
INFO 06/05/2019, 19:33:06  ------------------start------------------
INFO 06/05/2019, 19:33:06  typora version: 0.9.70
DEBUG 06/05/2019, 19:33:06  [ '/opt/typora/Typora' ]
DEBUG 06/05/2019, 19:33:06  /opt/typora/resources/app/locales/Base.lproj/Menu.json
ERROR 06/05/2019, 19:33:06  (node:26958) [DEP0005] DeprecationWarning: Buffer() is deprecated due to security and usability issues. Please use the Buffer.alloc(), Buffer.allocUnsafe(), or Buffer.from() methods instead.
DEBUG 06/05/2019, 19:33:06  [ 'github.css',
  'newsprint.css',
  'night.css',
  'pixyll.css',
  'whitey.css' ]
DEBUG 06/05/2019, 19:33:06  app.openFile
INFO 06/05/2019, 19:33:20  addRecentDocument
INFO 06/05/2019, 19:33:37  addRecentDocument
(electron) The 'lstatSyncNoException' function has been deprecated and marked for removal.
(electron) The 'lstatSyncNoException' function has been deprecated and marked for removal.
DEBUG 07/05/2019, 18:48:30  initSentry
(electron) The 'lstatSyncNoException' function has been deprecated and marked for removal.
DEBUG 07/05/2019, 18:48:30  initCountly
INFO 07/05/2019, 18:48:30  ------------------start------------------
INFO 07/05/2019, 18:48:30  typora version: 0.9.70
DEBUG 07/05/2019, 18:48:30  [ '/opt/typora/Typora',
  '/home/ted/uni/FIV/Week 2/4 - Design and Graphs.md' ]
(electron) The 'lstatSyncNoException' function has been deprecated and marked for removal.
DEBUG 07/05/2019, 18:48:30  app.openFile
INFO 07/05/2019, 18:48:30  addRecentDocument
DEBUG 07/05/2019, 18:48:30  /opt/typora/resources/app/locales/Base.lproj/Menu.json
ERROR 07/05/2019, 18:48:30  (node:27238) [DEP0005] DeprecationWarning: Buffer() is deprecated due to security and usability issues. Please use the Buffer.alloc(), Buffer.allocUnsafe(), or Buffer.from() methods instead.
DEBUG 07/05/2019, 18:48:30  [ 'github.css',
  'newsprint.css',
  'night.css',
  'pixyll.css',
  'whitey.css' ]
INFO 07/05/2019, 18:48:57  ------------------quit------------------
(electron) The 'lstatSyncNoException' function has been deprecated and marked for removal.
(electron) The 'lstatSyncNoException' function has been deprecated and marked for removal.
DEBUG 07/05/2019, 18:53:41  initSentry
(electron) The 'lstatSyncNoException' function has been deprecated and marked for removal.
DEBUG 07/05/2019, 18:53:41  initCountly
INFO 07/05/2019, 18:53:41  ------------------start------------------
INFO 07/05/2019, 18:53:41  typora version: 0.9.70
DEBUG 07/05/2019, 18:53:41  [ '/opt/typora/Typora',
  '/home/ted/uni/FIV/Week 2/3 - Data and Image.md' ]
(electron) The 'lstatSyncNoException' function has been deprecated and marked for removal.
DEBUG 07/05/2019, 18:53:41  app.openFile
INFO 07/05/2019, 18:53:41  addRecentDocument
DEBUG 07/05/2019, 18:53:41  /opt/typora/resources/app/locales/Base.lproj/Menu.json
ERROR 07/05/2019, 18:53:41  (node:31738) [DEP0005] DeprecationWarning: Buffer() is deprecated due to security and usability issues. Please use the Buffer.alloc(), Buffer.allocUnsafe(), or Buffer.from() methods instead.
DEBUG 07/05/2019, 18:53:41  [ 'github.css',
  'newsprint.css',
  'night.css',
  'pixyll.css',
  'whitey.css' ]
INFO 07/05/2019, 18:53:51  ------------------quit------------------
(electron) The 'lstatSyncNoException' function has been deprecated and marked for removal.
(electron) The 'lstatSyncNoException' function has been deprecated and marked for removal.
DEBUG 08/05/2019, 20:00:04  initSentry
(electron) The 'lstatSyncNoException' function has been deprecated and marked for removal.
DEBUG 08/05/2019, 20:00:04  initCountly
INFO 08/05/2019, 20:00:05  ------------------start------------------
INFO 08/05/2019, 20:00:05  typora version: 0.9.70
DEBUG 08/05/2019, 20:00:05  [ '/opt/typora/Typora', '/home/ted/uni/IVP/R notes.md' ]
(electron) The 'lstatSyncNoException' function has been deprecated and marked for removal.
DEBUG 08/05/2019, 20:00:05  app.openFile
INFO 08/05/2019, 20:00:05  addRecentDocument
DEBUG 08/05/2019, 20:00:05  /opt/typora/resources/app/locales/Base.lproj/Menu.json
ERROR 08/05/2019, 20:00:05  (node:19961) [DEP0005] DeprecationWarning: Buffer() is deprecated due to security and usability issues. Please use the Buffer.alloc(), Buffer.allocUnsafe(), or Buffer.from() methods instead.
DEBUG 08/05/2019, 20:00:05  [ 'github.css',
  'newsprint.css',
  'night.css',
  'pixyll.css',
  'whitey.css' ]
INFO 08/05/2019, 20:28:11  got argv [typora] from secondary instance
(electron) The 'lstatSyncNoException' function has been deprecated and marked for removal.
(electron) The 'lstatSyncNoException' function has been deprecated and marked for removal.
INFO 08/05/2019, 20:28:11  secondary instance would exit
INFO 08/05/2019, 20:28:31  addRecentDocument
INFO 08/05/2019, 20:28:41  got argv [typora /home/ted/uni/FIV/] from secondary instance
(electron) The 'lstatSyncNoException' function has been deprecated and marked for removal.
DEBUG 08/05/2019, 20:28:41  app.openFile
(electron) The 'lstatSyncNoException' function has been deprecated and marked for removal.
(electron) The 'lstatSyncNoException' function has been deprecated and marked for removal.
INFO 08/05/2019, 20:28:41  secondary instance would exit
INFO 08/05/2019, 20:28:41  addRecentFolder
INFO 08/05/2019, 20:28:52  addRecentDocument
INFO 08/05/2019, 20:31:05  addRecentDocument
INFO 09/05/2019, 11:32:19  ------------------quit------------------
(electron) The 'lstatSyncNoException' function has been deprecated and marked for removal.
(electron) The 'lstatSyncNoException' function has been deprecated and marked for removal.
DEBUG 09/05/2019, 14:13:47  initSentry
(electron) The 'lstatSyncNoException' function has been deprecated and marked for removal.
DEBUG 09/05/2019, 14:13:47  initCountly
INFO 09/05/2019, 14:13:47  ------------------start------------------
INFO 09/05/2019, 14:13:47  typora version: 0.9.70
DEBUG 09/05/2019, 14:13:47  [ '/opt/typora/Typora', 'Stuff I done.md' ]
(electron) The 'lstatSyncNoException' function has been deprecated and marked for removal.
DEBUG 09/05/2019, 14:13:47  app.openFile
INFO 09/05/2019, 14:13:47  addRecentDocument
DEBUG 09/05/2019, 14:13:47  /opt/typora/resources/app/locales/Base.lproj/Menu.json
ERROR 09/05/2019, 14:13:47  (node:24630) [DEP0005] DeprecationWarning: Buffer() is deprecated due to security and usability issues. Please use the Buffer.alloc(), Buffer.allocUnsafe(), or Buffer.from() methods instead.
DEBUG 09/05/2019, 14:13:47  [ 'github.css',
  'newsprint.css',
  'night.css',
  'pixyll.css',
  'whitey.css' ]
